<?xml version="1.0" encoding="UTF-8"?>
<coverage generated="1636699891475" clover="3.2.0">
  <project timestamp="1636699891475" name="All files">
    <metrics statements="33" coveredstatements="33" conditionals="23" coveredconditionals="23" methods="4" coveredmethods="4" elements="60" coveredelements="60" complexity="0" loc="33" ncloc="33" packages="1" files="1" classes="1"/>
    <file name="gilded_rose.js" path="C:\Users\gmaheshwari3\Downloads\GildedRose-Refactoring-Kata-main\js-jest\src\gilded_rose.js">
      <metrics statements="33" coveredstatements="33" conditionals="23" coveredconditionals="23" methods="4" coveredmethods="4"/>
      <line num="3" count="12" type="stmt"/>
      <line num="4" count="12" type="stmt"/>
      <line num="5" count="12" type="stmt"/>
      <line num="11" count="13" type="stmt"/>
      <line num="15" count="12" type="stmt"/>
      <line num="17" count="12" type="cond" truecount="2" falsecount="0"/>
      <line num="18" count="2" type="stmt"/>
      <line num="20" count="12" type="cond" truecount="2" falsecount="0"/>
      <line num="21" count="1" type="stmt"/>
      <line num="24" count="12" type="stmt"/>
      <line num="28" count="15" type="stmt"/>
      <line num="29" count="14" type="stmt"/>
      <line num="31" count="14" type="cond" truecount="2" falsecount="0"/>
      <line num="32" count="13" type="stmt"/>
      <line num="35" count="13" type="cond" truecount="2" falsecount="0"/>
      <line num="36" count="4" type="cond" truecount="2" falsecount="0"/>
      <line num="37" count="1" type="stmt"/>
      <line num="39" count="3" type="cond" truecount="2" falsecount="0"/>
      <line num="40" count="1" type="stmt"/>
      <line num="42" count="2" type="cond" truecount="2" falsecount="0"/>
      <line num="43" count="1" type="stmt"/>
      <line num="46" count="1" type="stmt"/>
      <line num="49" count="9" type="cond" truecount="2" falsecount="0"/>
      <line num="50" count="2" type="stmt"/>
      <line num="52" count="7" type="cond" truecount="2" falsecount="0"/>
      <line num="53" count="3" type="cond" truecount="2" falsecount="0"/>
      <line num="54" count="2" type="stmt"/>
      <line num="57" count="1" type="stmt"/>
      <line num="61" count="4" type="cond" truecount="2" falsecount="0"/>
      <line num="62" count="2" type="stmt"/>
      <line num="65" count="2" type="stmt"/>
      <line num="71" count="15" type="stmt"/>
      <line num="75" count="1" type="stmt"/>
    </file>
  </project>
</coverage>
