{"C:\\Users\\gmaheshwari3\\Downloads\\GildedRose-Refactoring-Kata-main\\js-jest\\src\\gilded_rose.js": {"path":"C:\\Users\\gmaheshwari3\\Downloads\\GildedRose-Refactoring-Kata-main\\js-jest\\src\\gilded_rose.js","statementMap":{"0":{"start":{"line":3,"column":4},"end":{"line":3,"column":21}},"1":{"start":{"line":4,"column":4},"end":{"line":4,"column":25}},"2":{"start":{"line":5,"column":4},"end":{"line":5,"column":27}},"3":{"start":{"line":11,"column":4},"end":{"line":11,"column":23}},"4":{"start":{"line":15,"column":4},"end":{"line":15,"column":30}},"5":{"start":{"line":17,"column":4},"end":{"line":19,"column":5}},"6":{"start":{"line":18,"column":6},"end":{"line":18,"column":18}},"7":{"start":{"line":20,"column":4},"end":{"line":22,"column":5}},"8":{"start":{"line":21,"column":6},"end":{"line":21,"column":19}},"9":{"start":{"line":24,"column":4},"end":{"line":24,"column":19}},"10":{"start":{"line":28,"column":4},"end":{"line":70,"column":5}},"11":{"start":{"line":28,"column":17},"end":{"line":28,"column":18}},"12":{"start":{"line":29,"column":19},"end":{"line":29,"column":32}},"13":{"start":{"line":31,"column":6},"end":{"line":68,"column":7}},"14":{"start":{"line":32,"column":8},"end":{"line":32,"column":38}},"15":{"start":{"line":35,"column":8},"end":{"line":67,"column":9}},"16":{"start":{"line":36,"column":10},"end":{"line":47,"column":11}},"17":{"start":{"line":37,"column":12},"end":{"line":37,"column":29}},"18":{"start":{"line":39,"column":15},"end":{"line":47,"column":11}},"19":{"start":{"line":40,"column":12},"end":{"line":40,"column":70}},"20":{"start":{"line":42,"column":15},"end":{"line":47,"column":11}},"21":{"start":{"line":43,"column":12},"end":{"line":43,"column":70}},"22":{"start":{"line":46,"column":12},"end":{"line":46,"column":70}},"23":{"start":{"line":49,"column":13},"end":{"line":67,"column":9}},"24":{"start":{"line":50,"column":10},"end":{"line":50,"column":68}},"25":{"start":{"line":52,"column":13},"end":{"line":67,"column":9}},"26":{"start":{"line":53,"column":10},"end":{"line":58,"column":11}},"27":{"start":{"line":54,"column":12},"end":{"line":54,"column":71}},"28":{"start":{"line":57,"column":12},"end":{"line":57,"column":71}},"29":{"start":{"line":61,"column":10},"end":{"line":66,"column":11}},"30":{"start":{"line":62,"column":12},"end":{"line":62,"column":71}},"31":{"start":{"line":65,"column":12},"end":{"line":65,"column":71}},"32":{"start":{"line":71,"column":4},"end":{"line":71,"column":22}},"33":{"start":{"line":75,"column":0},"end":{"line":78,"column":1}}},"fnMap":{"0":{"name":"(anonymous_0)","decl":{"start":{"line":2,"column":2},"end":{"line":2,"column":3}},"loc":{"start":{"line":2,"column":36},"end":{"line":6,"column":3}},"line":2},"1":{"name":"(anonymous_1)","decl":{"start":{"line":10,"column":2},"end":{"line":10,"column":3}},"loc":{"start":{"line":10,"column":23},"end":{"line":12,"column":3}},"line":10},"2":{"name":"(anonymous_2)","decl":{"start":{"line":14,"column":2},"end":{"line":14,"column":3}},"loc":{"start":{"line":14,"column":37},"end":{"line":25,"column":3}},"line":14},"3":{"name":"(anonymous_3)","decl":{"start":{"line":27,"column":2},"end":{"line":27,"column":3}},"loc":{"start":{"line":27,"column":18},"end":{"line":72,"column":3}},"line":27}},"branchMap":{"0":{"loc":{"start":{"line":10,"column":14},"end":{"line":10,"column":22}},"type":"default-arg","locations":[{"start":{"line":10,"column":20},"end":{"line":10,"column":22}}],"line":10},"1":{"loc":{"start":{"line":17,"column":4},"end":{"line":19,"column":5}},"type":"if","locations":[{"start":{"line":17,"column":4},"end":{"line":19,"column":5}},{"start":{"line":17,"column":4},"end":{"line":19,"column":5}}],"line":17},"2":{"loc":{"start":{"line":20,"column":4},"end":{"line":22,"column":5}},"type":"if","locations":[{"start":{"line":20,"column":4},"end":{"line":22,"column":5}},{"start":{"line":20,"column":4},"end":{"line":22,"column":5}}],"line":20},"3":{"loc":{"start":{"line":31,"column":6},"end":{"line":68,"column":7}},"type":"if","locations":[{"start":{"line":31,"column":6},"end":{"line":68,"column":7}},{"start":{"line":31,"column":6},"end":{"line":68,"column":7}}],"line":31},"4":{"loc":{"start":{"line":35,"column":8},"end":{"line":67,"column":9}},"type":"if","locations":[{"start":{"line":35,"column":8},"end":{"line":67,"column":9}},{"start":{"line":35,"column":8},"end":{"line":67,"column":9}}],"line":35},"5":{"loc":{"start":{"line":36,"column":10},"end":{"line":47,"column":11}},"type":"if","locations":[{"start":{"line":36,"column":10},"end":{"line":47,"column":11}},{"start":{"line":36,"column":10},"end":{"line":47,"column":11}}],"line":36},"6":{"loc":{"start":{"line":39,"column":15},"end":{"line":47,"column":11}},"type":"if","locations":[{"start":{"line":39,"column":15},"end":{"line":47,"column":11}},{"start":{"line":39,"column":15},"end":{"line":47,"column":11}}],"line":39},"7":{"loc":{"start":{"line":42,"column":15},"end":{"line":47,"column":11}},"type":"if","locations":[{"start":{"line":42,"column":15},"end":{"line":47,"column":11}},{"start":{"line":42,"column":15},"end":{"line":47,"column":11}}],"line":42},"8":{"loc":{"start":{"line":49,"column":13},"end":{"line":67,"column":9}},"type":"if","locations":[{"start":{"line":49,"column":13},"end":{"line":67,"column":9}},{"start":{"line":49,"column":13},"end":{"line":67,"column":9}}],"line":49},"9":{"loc":{"start":{"line":52,"column":13},"end":{"line":67,"column":9}},"type":"if","locations":[{"start":{"line":52,"column":13},"end":{"line":67,"column":9}},{"start":{"line":52,"column":13},"end":{"line":67,"column":9}}],"line":52},"10":{"loc":{"start":{"line":53,"column":10},"end":{"line":58,"column":11}},"type":"if","locations":[{"start":{"line":53,"column":10},"end":{"line":58,"column":11}},{"start":{"line":53,"column":10},"end":{"line":58,"column":11}}],"line":53},"11":{"loc":{"start":{"line":61,"column":10},"end":{"line":66,"column":11}},"type":"if","locations":[{"start":{"line":61,"column":10},"end":{"line":66,"column":11}},{"start":{"line":61,"column":10},"end":{"line":66,"column":11}}],"line":61}},"s":{"0":12,"1":12,"2":12,"3":13,"4":12,"5":12,"6":2,"7":12,"8":1,"9":12,"10":15,"11":15,"12":14,"13":14,"14":13,"15":13,"16":4,"17":1,"18":3,"19":1,"20":2,"21":1,"22":1,"23":9,"24":2,"25":7,"26":3,"27":2,"28":1,"29":4,"30":2,"31":2,"32":15,"33":1},"f":{"0":12,"1":13,"2":12,"3":15},"b":{"0":[1],"1":[2,10],"2":[1,11],"3":[13,1],"4":[4,9],"5":[1,3],"6":[1,2],"7":[1,1],"8":[2,7],"9":[3,4],"10":[2,1],"11":[2,2]},"_coverageSchema":"43e27e138ebf9cfc5966b082cf9a028302ed4184","hash":"8d2add2b12562811926aff5c7e38d21db83e7c13"}
}
