TN:
SF:C:\Users\gmaheshwari3\Downloads\GildedRose-Refactoring-Kata-main\js-jest\src\gilded_rose.js
FN:2,(anonymous_0)
FN:10,(anonymous_1)
FN:14,(anonymous_2)
FN:27,(anonymous_3)
FNF:4
FNH:4
FNDA:12,(anonymous_0)
FNDA:13,(anonymous_1)
FNDA:12,(anonymous_2)
FNDA:15,(anonymous_3)
DA:3,12
DA:4,12
DA:5,12
DA:11,13
DA:15,12
DA:17,12
DA:18,2
DA:20,12
DA:21,1
DA:24,12
DA:28,15
DA:29,14
DA:31,14
DA:32,13
DA:35,13
DA:36,4
DA:37,1
DA:39,3
DA:40,1
DA:42,2
DA:43,1
DA:46,1
DA:49,9
DA:50,2
DA:52,7
DA:53,3
DA:54,2
DA:57,1
DA:61,4
DA:62,2
DA:65,2
DA:71,15
DA:75,1
LF:33
LH:33
BRDA:10,0,0,1
BRDA:17,1,0,2
BRDA:17,1,1,10
BRDA:20,2,0,1
BRDA:20,2,1,11
BRDA:31,3,0,13
BRDA:31,3,1,1
BRDA:35,4,0,4
BRDA:35,4,1,9
BRDA:36,5,0,1
BRDA:36,5,1,3
BRDA:39,6,0,1
BRDA:39,6,1,2
BRDA:42,7,0,1
BRDA:42,7,1,1
BRDA:49,8,0,2
BRDA:49,8,1,7
BRDA:52,9,0,3
BRDA:52,9,1,4
BRDA:53,10,0,2
BRDA:53,10,1,1
BRDA:61,11,0,2
BRDA:61,11,1,2
BRF:23
BRH:23
end_of_record
